<?xml version="1.0" encoding="UTF-8"?>
<testsuite name="com.jojoldu.book.springboot.web.IndexControllerTest" tests="1" skipped="0" failures="0" errors="0" timestamp="2022-06-25T16:00:22" hostname="saint-yoonui-MacBook-Pro.local" time="0.253">
  <properties/>
  <testcase name="메인페이지_로딩" classname="com.jojoldu.book.springboot.web.IndexControllerTest" time="0.253"/>
  <system-out><![CDATA[2022-06-26 01:00:17.351  INFO 27592 --- [    Test worker] .b.t.c.SpringBootTestContextBootstrapper : Neither @ContextConfiguration nor @ContextHierarchy found for test class [com.jojoldu.book.springboot.web.IndexControllerTest], using SpringBootContextLoader
2022-06-26 01:00:17.352  INFO 27592 --- [    Test worker] o.s.t.c.support.AbstractContextLoader    : Could not detect default resource locations for test class [com.jojoldu.book.springboot.web.IndexControllerTest]: no resource found for suffixes {-context.xml, Context.groovy}.
2022-06-26 01:00:17.352  INFO 27592 --- [    Test worker] t.c.s.AnnotationConfigContextLoaderUtils : Could not detect default configuration classes for test class [com.jojoldu.book.springboot.web.IndexControllerTest]: IndexControllerTest does not declare any static, non-private, non-final, nested classes annotated with @Configuration.
2022-06-26 01:00:17.356  INFO 27592 --- [    Test worker] .b.t.c.SpringBootTestContextBootstrapper : Found @SpringBootConfiguration com.jojoldu.book.springboot.Application for test class com.jojoldu.book.springboot.web.IndexControllerTest
2022-06-26 01:00:17.360  INFO 27592 --- [    Test worker] .b.t.c.SpringBootTestContextBootstrapper : Loaded default TestExecutionListener class names from location [META-INF/spring.factories]: [org.springframework.security.test.context.support.WithSecurityContextTestExecutionListener, org.springframework.security.test.context.support.ReactorContextTestExecutionListener, org.springframework.boot.test.autoconfigure.restdocs.RestDocsTestExecutionListener, org.springframework.boot.test.autoconfigure.web.client.MockRestServiceServerResetTestExecutionListener, org.springframework.boot.test.autoconfigure.web.servlet.MockMvcPrintOnlyOnFailureTestExecutionListener, org.springframework.boot.test.autoconfigure.web.servlet.WebDriverTestExecutionListener, org.springframework.boot.test.mock.mockito.MockitoTestExecutionListener, org.springframework.boot.test.mock.mockito.ResetMocksTestExecutionListener, org.springframework.test.context.web.ServletTestExecutionListener, org.springframework.test.context.support.DirtiesContextBeforeModesTestExecutionListener, org.springframework.test.context.support.DependencyInjectionTestExecutionListener, org.springframework.test.context.support.DirtiesContextTestExecutionListener, org.springframework.test.context.transaction.TransactionalTestExecutionListener, org.springframework.test.context.jdbc.SqlScriptsTestExecutionListener]
2022-06-26 01:00:17.362  INFO 27592 --- [    Test worker] .b.t.c.SpringBootTestContextBootstrapper : Using TestExecutionListeners: [org.springframework.test.context.web.ServletTestExecutionListener@52453936, org.springframework.test.context.support.DirtiesContextBeforeModesTestExecutionListener@a2528fe, org.springframework.boot.test.mock.mockito.MockitoTestExecutionListener@297ca0f6, org.springframework.boot.test.autoconfigure.SpringBootDependencyInjectionTestExecutionListener@62a95bb6, org.springframework.test.context.support.DirtiesContextTestExecutionListener@195e525c, org.springframework.test.context.transaction.TransactionalTestExecutionListener@3a9feb51, org.springframework.test.context.jdbc.SqlScriptsTestExecutionListener@76a897e4, org.springframework.security.test.context.support.WithSecurityContextTestExecutionListener@5ef4166c, org.springframework.security.test.context.support.ReactorContextTestExecutionListener@35d3735c, org.springframework.boot.test.autoconfigure.restdocs.RestDocsTestExecutionListener@7053d3d4, org.springframework.boot.test.autoconfigure.web.client.MockRestServiceServerResetTestExecutionListener@42f67d8d, org.springframework.boot.test.autoconfigure.web.servlet.MockMvcPrintOnlyOnFailureTestExecutionListener@3ccf54c9, org.springframework.boot.test.autoconfigure.web.servlet.WebDriverTestExecutionListener@1228999f, org.springframework.boot.test.mock.mockito.ResetMocksTestExecutionListener@7c0b257d]

  .   ____          _            __ _ _
 /\\ / ___'_ __ _ _(_)_ __  __ _ \ \ \ \
( ( )\___ | '_ | '_| | '_ \/ _` | \ \ \ \
 \\/  ___)| |_)| | | | | || (_| |  ) ) ) )
  '  |____| .__|_| |_|_| |_\__, | / / / /
 =========|_|==============|___/=/_/_/_/
 :: Spring Boot ::        (v2.1.7.RELEASE)

2022-06-26 01:00:17.403  INFO 27592 --- [    Test worker] c.j.b.s.web.IndexControllerTest          : Starting IndexControllerTest on saint-yoonui-MacBook-Pro.local with PID 27592 (started by yoon in /Users/saint_yoon/JAVASpring/freelec-springboot2-webservice2)
2022-06-26 01:00:17.404  INFO 27592 --- [    Test worker] c.j.b.s.web.IndexControllerTest          : No active profile set, falling back to default profiles: default
2022-06-26 01:00:17.813  INFO 27592 --- [    Test worker] .s.d.r.c.RepositoryConfigurationDelegate : Bootstrapping Spring Data repositories in DEFAULT mode.
2022-06-26 01:00:17.880  INFO 27592 --- [    Test worker] .s.d.r.c.RepositoryConfigurationDelegate : Finished Spring Data repository scanning in 59ms. Found 2 repository interfaces.
2022-06-26 01:00:18.188  INFO 27592 --- [    Test worker] trationDelegate$BeanPostProcessorChecker : Bean 'org.springframework.transaction.annotation.ProxyTransactionManagementConfiguration' of type [org.springframework.transaction.annotation.ProxyTransactionManagementConfiguration$$EnhancerBySpringCGLIB$$e39e22bb] is not eligible for getting processed by all BeanPostProcessors (for example: not eligible for auto-proxying)
2022-06-26 01:00:18.559  INFO 27592 --- [    Test worker] o.s.b.w.embedded.tomcat.TomcatWebServer  : Tomcat initialized with port(s): 0 (http)
2022-06-26 01:00:18.593  INFO 27592 --- [    Test worker] o.apache.catalina.core.StandardService   : Starting service [Tomcat]
2022-06-26 01:00:18.594  INFO 27592 --- [    Test worker] org.apache.catalina.core.StandardEngine  : Starting Servlet engine: [Apache Tomcat/9.0.22]
2022-06-26 01:00:18.753  INFO 27592 --- [    Test worker] o.a.c.c.C.[Tomcat].[localhost].[/]       : Initializing Spring embedded WebApplicationContext
2022-06-26 01:00:18.754  INFO 27592 --- [    Test worker] o.s.web.context.ContextLoader            : Root WebApplicationContext: initialization completed in 1347 ms
2022-06-26 01:00:19.094  INFO 27592 --- [    Test worker] com.zaxxer.hikari.HikariDataSource       : HikariPool-1 - Starting...
2022-06-26 01:00:19.311  INFO 27592 --- [    Test worker] com.zaxxer.hikari.HikariDataSource       : HikariPool-1 - Start completed.
2022-06-26 01:00:19.450  INFO 27592 --- [    Test worker] o.hibernate.jpa.internal.util.LogHelper  : HHH000204: Processing PersistenceUnitInfo [
	name: default
	...]
2022-06-26 01:00:19.527  INFO 27592 --- [    Test worker] org.hibernate.Version                    : HHH000412: Hibernate Core {5.3.10.Final}
2022-06-26 01:00:19.529  INFO 27592 --- [    Test worker] org.hibernate.cfg.Environment            : HHH000206: hibernate.properties not found
2022-06-26 01:00:19.586  INFO 27592 --- [    Test worker] o.hibernate.annotations.common.Version   : HCANN000001: Hibernate Commons Annotations {5.0.4.Final}
2022-06-26 01:00:19.753  INFO 27592 --- [    Test worker] org.hibernate.dialect.Dialect            : HHH000400: Using dialect: org.hibernate.dialect.MySQL5InnoDBDialect
Hibernate: drop table if exists posts
Hibernate: drop table if exists user
Hibernate: create table posts (id bigint not null auto_increment, created_date datetime, modified_date datetime, author varchar(255), content TEXT not null, title varchar(500) not null, primary key (id)) engine=InnoDB
Hibernate: create table user (id bigint not null auto_increment, email varchar(255) not null, name varchar(255) not null, picture varchar(255), role varchar(255) not null, primary key (id)) engine=InnoDB
2022-06-26 01:00:20.773  INFO 27592 --- [    Test worker] o.h.t.schema.internal.SchemaCreatorImpl  : HHH000476: Executing import script 'org.hibernate.tool.schema.internal.exec.ScriptSourceInputNonExistentImpl@2d18c6b9'
2022-06-26 01:00:20.776  INFO 27592 --- [    Test worker] j.LocalContainerEntityManagerFactoryBean : Initialized JPA EntityManagerFactory for persistence unit 'default'
2022-06-26 01:00:21.514  INFO 27592 --- [    Test worker] o.h.h.i.QueryTranslatorFactoryInitiator  : HHH000397: Using ASTQueryTranslatorFactory
2022-06-26 01:00:21.847  INFO 27592 --- [    Test worker] o.s.s.web.DefaultSecurityFilterChain     : Creating filter chain: any request, [org.springframework.security.web.context.request.async.WebAsyncManagerIntegrationFilter@6291d14b, org.springframework.security.web.context.SecurityContextPersistenceFilter@2bf496df, org.springframework.security.web.header.HeaderWriterFilter@18a5b441, org.springframework.security.web.authentication.logout.LogoutFilter@6a85b3fb, org.springframework.security.oauth2.client.web.OAuth2AuthorizationRequestRedirectFilter@3978f120, org.springframework.security.oauth2.client.web.OAuth2LoginAuthenticationFilter@64d4fc90, org.springframework.security.web.authentication.ui.DefaultLoginPageGeneratingFilter@65c883f3, org.springframework.security.web.authentication.ui.DefaultLogoutPageGeneratingFilter@71fd5c55, org.springframework.security.web.savedrequest.RequestCacheAwareFilter@d8c05dd, org.springframework.security.web.servletapi.SecurityContextHolderAwareRequestFilter@38bebf91, org.springframework.security.web.authentication.AnonymousAuthenticationFilter@320e1e86, org.springframework.security.web.session.SessionManagementFilter@386cb8e5, org.springframework.security.web.access.ExceptionTranslationFilter@5d1f7824, org.springframework.security.web.access.intercept.FilterSecurityInterceptor@70deaf80]
2022-06-26 01:00:22.062  INFO 27592 --- [    Test worker] o.s.s.concurrent.ThreadPoolTaskExecutor  : Initializing ExecutorService 'applicationTaskExecutor'
2022-06-26 01:00:22.082  WARN 27592 --- [    Test worker] aWebConfiguration$JpaWebMvcConfiguration : spring.jpa.open-in-view is enabled by default. Therefore, database queries may be performed during view rendering. Explicitly configure spring.jpa.open-in-view to disable this warning
2022-06-26 01:00:22.121  INFO 27592 --- [    Test worker] o.s.b.a.w.s.WelcomePageHandlerMapping    : Adding welcome page template: index
2022-06-26 01:00:22.532  INFO 27592 --- [    Test worker] s.a.ScheduledAnnotationBeanPostProcessor : No TaskScheduler/ScheduledExecutorService bean found for scheduled processing
2022-06-26 01:00:22.561  INFO 27592 --- [    Test worker] o.s.b.w.embedded.tomcat.TomcatWebServer  : Tomcat started on port(s): 62249 (http) with context path ''
2022-06-26 01:00:22.562  INFO 27592 --- [    Test worker] c.j.b.s.web.IndexControllerTest          : Started IndexControllerTest in 5.197 seconds (JVM running for 9.584)
2022-06-26 01:00:22.676  INFO 27592 --- [o-auto-1-exec-1] o.a.c.c.C.[Tomcat].[localhost].[/]       : Initializing Spring DispatcherServlet 'dispatcherServlet'
2022-06-26 01:00:22.676  INFO 27592 --- [o-auto-1-exec-1] o.s.web.servlet.DispatcherServlet        : Initializing Servlet 'dispatcherServlet'
2022-06-26 01:00:22.695  INFO 27592 --- [o-auto-1-exec-1] o.s.web.servlet.DispatcherServlet        : Completed initialization in 19 ms
Hibernate: select posts0_.id as id1_0_, posts0_.created_date as created_2_0_, posts0_.modified_date as modified3_0_, posts0_.author as author4_0_, posts0_.content as content5_0_, posts0_.title as title6_0_ from posts posts0_ order by posts0_.id DESC
]]></system-out>
  <system-err><![CDATA[]]></system-err>
</testsuite>
